<?xml version="1.0" encoding="UTF-8"?>
<!-- Generated by org.testng.reporters.JUnitXMLReporter -->
<testsuite hostname="Admin-PC" ignored="0" name="cnqaos test" tests="3" failures="0" timestamp="22 Jan 2019 10:51:58 GMT" time="26.369" errors="0">
  <testcase name="validLoginTestCaseOne" time="0.575" classname="com.test.cnqaos.testcases.LoginTest"/>
  <testcase name="validLoginTestCaseOne" time="0.338" classname="com.test.cnqaos.testcases.LoginTest"/>
  <testcase name="validLoginTestCaseOne" time="0.406" classname="com.test.cnqaos.testcases.LoginTest"/>
</testsuite> <!-- cnqaos test -->
