<?xml version="1.0" encoding="UTF-8"?>
<!-- Generated by org.testng.reporters.JUnitXMLReporter -->
<testsuite hostname="Admin-PC" ignored="0" name="Default test" tests="3" failures="0" timestamp="18 Jan 2019 07:21:49 GMT" time="25.106" errors="0">
  <testcase name="validLoginTestCaseOne" time="0.663" classname="com.test.cnqaos.testcases.LoginTest"/>
  <testcase name="validLoginTestCaseOne" time="0.52" classname="com.test.cnqaos.testcases.LoginTest"/>
  <testcase name="validLoginTestCaseOne" time="0.528" classname="com.test.cnqaos.testcases.LoginTest"/>
</testsuite> <!-- Default test -->
