<?xml version="1.0" encoding="UTF-8"?>
<!-- Generated by org.testng.reporters.JUnitXMLReporter -->
<testsuite hostname="Admin-PC" ignored="0" name="Default test" tests="7" failures="0" timestamp="02 Apr 2019 08:59:20 GMT" time="194.196" errors="0">
  <testcase name="addStudentTest" time="14.731" classname="com.test.cnqaos.testcases.users.AddStudentTest"/>
  <testcase name="addStudentTest" time="16.463" classname="com.test.cnqaos.testcases.users.AddStudentTest"/>
  <testcase name="addStudentTest" time="14.905" classname="com.test.cnqaos.testcases.users.AddStudentTest"/>
  <testcase name="addStudentTest" time="15.163" classname="com.test.cnqaos.testcases.users.AddStudentTest"/>
  <testcase name="addStudentTest" time="14.162" classname="com.test.cnqaos.testcases.users.AddStudentTest"/>
  <testcase name="addStudentTest" time="14.339" classname="com.test.cnqaos.testcases.users.AddStudentTest"/>
  <testcase name="addStudentTest" time="16.666" classname="com.test.cnqaos.testcases.users.AddStudentTest"/>
</testsuite> <!-- Default test -->
