<?xml version="1.0" encoding="UTF-8"?>
<testng-results skipped="0" failed="0" ignored="0" total="1" passed="1">
  <reporter-output>
  </reporter-output>
  <suite name="Default suite" duration-ms="15491" started-at="2019-01-29T12:27:27Z" finished-at="2019-01-29T12:27:43Z">
    <groups>
    </groups>
    <test name="Default test" duration-ms="15491" started-at="2019-01-29T12:27:27Z" finished-at="2019-01-29T12:27:43Z">
      <class name="com.test.cnqaos.testcases.trainings.TrainingContentTest">
        <test-method status="PASS" signature="Setup()[pri:0, instance:com.test.cnqaos.testcases.trainings.TrainingContentTest@4f7d0008]" name="Setup" is-config="true" duration-ms="7464" started-at="2019-01-29T17:57:27Z" finished-at="2019-01-29T17:57:35Z">
          <reporter-output>
          </reporter-output>
        </test-method> <!-- Setup -->
        <test-method status="PASS" signature="addTrainingTest()[pri:0, instance:com.test.cnqaos.testcases.trainings.TrainingContentTest@4f7d0008]" name="addTrainingTest" duration-ms="7998" started-at="2019-01-29T17:57:35Z" finished-at="2019-01-29T17:57:43Z">
          <reporter-output>
          </reporter-output>
        </test-method> <!-- addTrainingTest -->
      </class> <!-- com.test.cnqaos.testcases.trainings.TrainingContentTest -->
    </test> <!-- Default test -->
  </suite> <!-- Default suite -->
</testng-results>
